2023-12-15 18:15:10 [info] -> Total runtime: 5 minutes
2023-12-15 18:15:10 [info] -> Elapsed time on monster = 15 seconds, max = 25 seconds
2023-12-15 18:15:10 [info] -> Running state priority: 32
2023-12-15 18:15:10 [info] -> Attacking entity Escaped Revenant using Q key at distance : 34.153831
2023-12-15 18:15:11 [info] -> Elapsed time on monster = 15 seconds, max = 25 seconds
2023-12-15 18:15:11 [info] -> Elapsed time on monster = 15 seconds, max = 25 seconds
2023-12-15 18:15:11 [info] -> Running state priority: 32
2023-12-15 18:15:11 [info] -> Attacking entity Escaped Revenant using mouse_right key at distance : 25.472822
2023-12-15 18:15:11 [info] -> Elapsed time on monster = 15 seconds, max = 25 seconds
2023-12-15 18:15:11 [info] -> Elapsed time on monster = 15 seconds, max = 25 seconds
2023-12-15 18:15:11 [info] -> Running state priority: 32
2023-12-15 18:15:11 [info] -> Attacking entity Escaped Revenant using Q key at distance : 15.302307
2023-12-15 18:15:11 [info] -> Elapsed time on monster = 15 seconds, max = 25 seconds
2023-12-15 18:15:11 [info] -> Elapsed time on monster = 15 seconds, max = 25 seconds
2023-12-15 18:15:11 [info] -> Running state priority: 32
2023-12-15 18:15:11 [info] -> Attacking entity Escaped Revenant using mouse_right key at distance : 9.565402
2023-12-15 18:15:11 [info] -> Elapsed time on monster = 15 seconds, max = 25 seconds
2023-12-15 18:15:11 [info] -> Elapsed time on monster = 15 seconds, max = 25 seconds
2023-12-15 18:15:11 [info] -> Running state priority: 32
2023-12-15 18:15:11 [info] -> Attacking entity Escaped Revenant using Q key at distance : 5.830952
2023-12-15 18:15:11 [info] -> Elapsed time on monster = 15 seconds, max = 25 seconds
2023-12-15 18:15:11 [info] -> Elapsed time on monster = 15 seconds, max = 25 seconds
2023-12-15 18:15:11 [info] -> Running state priority: 32
2023-12-15 18:15:11 [info] -> Attacking entity Escaped Revenant using mouse_right key at distance : 5.830952
2023-12-15 18:15:11 [info] -> Elapsed time on monster = 15 seconds, max = 25 seconds
2023-12-15 18:15:11 [info] -> Elapsed time on monster = 15 seconds, max = 25 seconds
2023-12-15 18:15:11 [info] -> Running state priority: 32
2023-12-15 18:15:11 [info] -> Attacking entity Escaped Revenant using Q key at distance : 5.830952
2023-12-15 18:15:11 [info] -> Elapsed time on monster = 16 seconds, max = 25 seconds
2023-12-15 18:15:11 [info] -> Elapsed time on monster = 16 seconds, max = 25 seconds
2023-12-15 18:15:11 [info] -> Running state priority: 32
2023-12-15 18:15:11 [info] -> Attacking entity Escaped Revenant using mouse_right key at distance : 5.830952
2023-12-15 18:15:11 [info] -> Elapsed time on monster = 16 seconds, max = 25 seconds
2023-12-15 18:15:11 [info] -> Elapsed time on monster = 16 seconds, max = 25 seconds
2023-12-15 18:15:11 [info] -> Running state priority: 32
2023-12-15 18:15:11 [info] -> Attacking entity Escaped Revenant using Q key at distance : 5.830952
2023-12-15 18:15:12 [info] -> Elapsed time on monster = 16 seconds, max = 25 seconds
2023-12-15 18:15:12 [info] -> Elapsed time on monster = 16 seconds, max = 25 seconds
2023-12-15 18:15:12 [info] -> Running state priority: 32
2023-12-15 18:15:12 [info] -> Attacking entity Escaped Revenant using mouse_right key at distance : 5.830952
2023-12-15 18:15:12 [info] -> Elapsed time on monster = 16 seconds, max = 25 seconds
2023-12-15 18:15:12 [info] -> Elapsed time on monster = 16 seconds, max = 25 seconds
2023-12-15 18:15:12 [info] -> Running state priority: 32
2023-12-15 18:15:12 [info] -> Attacking entity Escaped Revenant using Q key at distance : 5.830952
2023-12-15 18:15:12 [info] -> Elapsed time on monster = 16 seconds, max = 25 seconds
2023-12-15 18:15:12 [info] -> Elapsed time on monster = 16 seconds, max = 25 seconds
2023-12-15 18:15:12 [info] -> Running state priority: 32
2023-12-15 18:15:12 [info] -> Attacking entity Escaped Revenant using mouse_right key at distance : 6.324555
2023-12-15 18:15:12 [info] -> Elapsed time on monster = 16 seconds, max = 25 seconds
2023-12-15 18:15:12 [info] -> Elapsed time on monster = 16 seconds, max = 25 seconds
2023-12-15 18:15:12 [info] -> Running state priority: 32
2023-12-15 18:15:12 [info] -> Attacking entity Escaped Revenant using Q key at distance : 6.000000
2023-12-15 18:15:12 [info] -> Elapsed time on monster = 16 seconds, max = 25 seconds
2023-12-15 18:15:12 [info] -> Elapsed time on monster = 16 seconds, max = 25 seconds
2023-12-15 18:15:12 [info] -> Running state priority: 32
2023-12-15 18:15:12 [info] -> Attacking entity Escaped Revenant using mouse_right key at distance : 6.000000
2023-12-15 18:15:12 [info] -> Elapsed time on monster = 16 seconds, max = 25 seconds
2023-12-15 18:15:12 [info] -> Elapsed time on monster = 16 seconds, max = 25 seconds
2023-12-15 18:15:12 [info] -> Running state priority: 32
2023-12-15 18:15:12 [info] -> Attacking entity Escaped Revenant using Q key at distance : 6.000000
2023-12-15 18:15:12 [info] -> Elapsed time on monster = 17 seconds, max = 25 seconds
2023-12-15 18:15:12 [info] -> Elapsed time on monster = 17 seconds, max = 25 seconds
2023-12-15 18:15:12 [info] -> Running state priority: 32
2023-12-15 18:15:12 [info] -> Attacking entity Escaped Revenant using mouse_right key at distance : 6.000000
2023-12-15 18:15:12 [info] -> Elapsed time on monster = 17 seconds, max = 25 seconds
2023-12-15 18:15:12 [info] -> Elapsed time on monster = 17 seconds, max = 25 seconds
2023-12-15 18:15:12 [info] -> Running state priority: 32
2023-12-15 18:15:12 [info] -> Attacking entity Escaped Revenant using Q key at distance : 6.000000
2023-12-15 18:15:12 [info] -> Elapsed time on monster = 17 seconds, max = 25 seconds
2023-12-15 18:15:12 [info] -> Elapsed time on monster = 17 seconds, max = 25 seconds
2023-12-15 18:15:12 [info] -> Running state priority: 32
2023-12-15 18:15:12 [info] -> Attacking entity Escaped Revenant using mouse_right key at distance : 6.000000
2023-12-15 18:15:13 [info] -> Elapsed time on monster = 17 seconds, max = 25 seconds
2023-12-15 18:15:13 [info] -> Elapsed time on monster = 17 seconds, max = 25 seconds
2023-12-15 18:15:13 [info] -> Running state priority: 32
2023-12-15 18:15:13 [info] -> Attacking entity Escaped Revenant using Q key at distance : 6.000000
2023-12-15 18:15:13 [info] -> Elapsed time on monster = 17 seconds, max = 25 seconds
2023-12-15 18:15:13 [info] -> Elapsed time on monster = 17 seconds, max = 25 seconds
2023-12-15 18:15:13 [info] -> Running state priority: 32
2023-12-15 18:15:13 [info] -> Attacking entity Escaped Revenant using mouse_right key at distance : 6.324555
2023-12-15 18:15:13 [info] -> Elapsed time on monster = 17 seconds, max = 25 seconds
2023-12-15 18:15:13 [info] -> Target switched, releasing mouse and keyboard
2023-12-15 18:15:13 [info] -> Running state priority: 28
2023-12-15 18:15:13 [info] -> Picking item
2023-12-15 18:15:13 [info] -> Elapsed time on monster = 17 seconds, max = 25 seconds
2023-12-15 18:15:13 [info] -> Running state priority: 36
2023-12-15 18:15:13 [info] -> Quicksilver flask taken
2023-12-15 18:15:13 [info] -> Elapsed time on monster = 17 seconds, max = 25 seconds
2023-12-15 18:15:13 [info] -> Running state priority: 28
2023-12-15 18:15:13 [info] -> Elapsed time on monster = 18 seconds, max = 25 seconds
2023-12-15 18:15:13 [info] -> Running state priority: 28
2023-12-15 18:15:14 [info] -> Elapsed time on monster = 18 seconds, max = 25 seconds
2023-12-15 18:15:14 [info] -> Running state priority: 28
2023-12-15 18:15:14 [info] -> Picking item
2023-12-15 18:15:14 [info] -> Elapsed time on monster = 18 seconds, max = 25 seconds
2023-12-15 18:15:14 [info] -> Running state priority: 32
2023-12-15 18:15:14 [info] -> Attacking entity Bloodstained Archer using Q key at distance : 18.027756
2023-12-15 18:15:14 [info] -> Elapsed time on monster = 18 seconds, max = 25 seconds
2023-12-15 18:15:14 [info] -> Running state priority: 32
2023-12-15 18:15:14 [info] -> Attacking entity Bloodstained Archer using mouse_right key at distance : 17.088007
2023-12-15 18:15:14 [info] -> Running state priority: 28
2023-12-15 18:15:14 [info] -> Moving to position(5223.558105, 19168.587891). State Priority: 28, Path index: 0
2023-12-15 18:15:14 [info] -> Running state priority: 28
2023-12-15 18:15:14 [info] -> Moving to position(5235.849121, 19168.574219). State Priority: 28, Path index: 0
2023-12-15 18:15:14 [info] -> Running state priority: 28
2023-12-15 18:15:14 [info] -> Moving to position(5195.661133, 19163.013672). State Priority: 28, Path index: 0
2023-12-15 18:15:14 [info] -> Running state priority: 28
2023-12-15 18:15:14 [info] -> Moving to position(5203.198242, 19167.628906). State Priority: 28, Path index: 0
2023-12-15 18:15:15 [info] -> Running state priority: 28
2023-12-15 18:15:15 [info] -> Moving to position(5213.262207, 19171.044922). State Priority: 28, Path index: 0
2023-12-15 18:15:15 [info] -> Running state priority: 28
2023-12-15 18:15:15 [info] -> Moving to position(5211.253418, 19164.376953). State Priority: 28, Path index: 0
2023-12-15 18:15:15 [info] -> Running state priority: 28
2023-12-15 18:15:15 [info] -> Moving to position(5206.666016, 19172.099609). State Priority: 28, Path index: 0
2023-12-15 18:15:15 [info] -> Running state priority: 28
2023-12-15 18:15:15 [info] -> Moving to position(5220.533203, 19166.806641). State Priority: 28, Path index: 0
2023-12-15 18:15:15 [info] -> Running state priority: 28
2023-12-15 18:15:15 [info] -> Going to pick item
2023-12-15 18:15:15 [info] -> Running state priority: 28
2023-12-15 18:15:15 [info] -> Running state priority: 28
2023-12-15 18:15:16 [info] -> Running state priority: 28
2023-12-15 18:15:16 [info] -> Picking item
2023-12-15 18:15:16 [info] -> Running state priority: 28
2023-12-15 18:15:16 [info] -> Tp to town for stashing
2023-12-15 18:15:16 [info] -> Running state priority: 27
2023-12-15 18:15:16 [info] -> Creating tp...
2023-12-15 18:15:18 [info] -> Distance computed for tp use: 0.000000
2023-12-15 18:15:18 [info] -> Already reached destination from current path to follow.
2023-12-15 18:15:18 [info] -> Tp to town for stashing
2023-12-15 18:15:18 [info] -> Running state priority: 36
2023-12-15 18:15:18 [info] -> Life flask taken
2023-12-15 18:15:18 [info] -> Instant Life flask taken
2023-12-15 18:15:18 [info] -> Distance computed for tp use: 0.000000
2023-12-15 18:15:18 [info] -> Already reached destination from current path to follow.
2023-12-15 18:15:18 [info] -> Tp to town for stashing
2023-12-15 18:15:18 [info] -> Running state priority: 27
2023-12-15 18:15:18 [info] -> Pressing space to close all windows..
2023-12-15 18:15:18 [info] -> Moving to position(5266.304199, 19190.216797). State Priority: 27, Path index: 0
2023-12-15 18:15:20 [info] -> Exiting bot
